2015-05-27 09:00:47.606 BkeeWars[81257:10270028] DiskCookieStorage changing policy from 2 to 0, cookie file: file:///Users/mysim1/Library/Developer/CoreSimulator/Devices/3DD0A21D-0F79-4A73-981E-9B871BF18052/data/Containers/Data/Application/2693A89A-5E1F-4768-B6B5-26C66AF2EA4D/Library/Cookies/Cookies.binarycookies
2015-05-27 09:00:47.874 BkeeWars[81257:10270028] Apache Cordova native platform version 3.8.0 is starting.
2015-05-27 09:00:47.874 BkeeWars[81257:10270028] Multi-tasking -> Device: YES, App: YES
2015-05-27 09:00:47.896 BkeeWars[81257:10270028] Unlimited access to network resources
2015-05-27 09:00:47.902 BkeeWars[81257:10270028] 

Started backup to iCloud! Please be careful.
Your application might be rejected by Apple if you store too much data.
For more information please read "iOS Data Storage Guidelines" at:
https://developer.apple.com/icloud/documentation/data-storage/
To disable web storage backup to iCloud, set the BackupWebStorage preference to "local" in the Cordova config.xml file

2015-05-27 09:00:48.290 BkeeWars[81257:10270028] Using a WKWebView
2015-05-27 09:00:48.690 BkeeWars[81257:10270028] Started http daemon: http://192.168.1.3:12344/ 
Received an invalid message "RemoteLayerTreeDrawingAreaProxy.CommitLayerTree" from the web process.
2015-05-27 09:01:50.154 BkeeWars[81432:10276658] DiskCookieStorage changing policy from 2 to 0, cookie file: file:///Users/mysim1/Library/Developer/CoreSimulator/Devices/3DD0A21D-0F79-4A73-981E-9B871BF18052/data/Containers/Data/Application/C90C3BDF-76CF-41A1-8B23-D64B3B91F91C/Library/Cookies/Cookies.binarycookies
2015-05-27 09:01:50.221 BkeeWars[81432:10276658] Apache Cordova native platform version 3.8.0 is starting.
2015-05-27 09:01:50.222 BkeeWars[81432:10276658] Multi-tasking -> Device: YES, App: YES
2015-05-27 09:01:50.223 BkeeWars[81432:10276658] Unlimited access to network resources
2015-05-27 09:01:50.224 BkeeWars[81432:10276658] 

Started backup to iCloud! Please be careful.
Your application might be rejected by Apple if you store too much data.
For more information please read "iOS Data Storage Guidelines" at:
https://developer.apple.com/icloud/documentation/data-storage/
To disable web storage backup to iCloud, set the BackupWebStorage preference to "local" in the Cordova config.xml file

2015-05-27 09:01:50.414 BkeeWars[81432:10276658] Using a WKWebView
2015-05-27 09:01:50.576 BkeeWars[81432:10276658] Started http daemon: http://192.168.1.3:12344/ 
Received an invalid message "RemoteLayerTreeDrawingAreaProxy.CommitLayerTree" from the web process.
